<?xml version="1.0" encoding="UTF-8"?>
<testsuites>
  <testsuite name="Crontab Manager" tests="8" assertions="16" errors="0" failures="0" skipped="0" time="0.007578">
    <testsuite name="QAlliance\CrontabManager\Tests\ReaderTest" file="/home/zwer/dev/crontab-manager/tests/ReaderTest.php" tests="6" assertions="12" errors="0" failures="0" skipped="0" time="0.006638">
      <testcase name="testReaderReturnsEntriesProvidedByCron" class="QAlliance\CrontabManager\Tests\ReaderTest" classname="QAlliance.CrontabManager.Tests.ReaderTest" file="/home/zwer/dev/crontab-manager/tests/ReaderTest.php" line="60" assertions="2" time="0.006056"/>
      <testcase name="testReaderReturnsValidManagedCronJobs" class="QAlliance\CrontabManager\Tests\ReaderTest" classname="QAlliance.CrontabManager.Tests.ReaderTest" file="/home/zwer/dev/crontab-manager/tests/ReaderTest.php" line="68" assertions="2" time="0.000121"/>
      <testcase name="testReaderReturnsValidManagedCronJobsAsArray" class="QAlliance\CrontabManager\Tests\ReaderTest" classname="QAlliance.CrontabManager.Tests.ReaderTest" file="/home/zwer/dev/crontab-manager/tests/ReaderTest.php" line="76" assertions="2" time="0.000067"/>
      <testcase name="testReaderReturnsValidCount" class="QAlliance\CrontabManager\Tests\ReaderTest" classname="QAlliance.CrontabManager.Tests.ReaderTest" file="/home/zwer/dev/crontab-manager/tests/ReaderTest.php" line="84" assertions="2" time="0.000132"/>
      <testcase name="testReaderReturnsValidCountWithoutDelimiters" class="QAlliance\CrontabManager\Tests\ReaderTest" classname="QAlliance.CrontabManager.Tests.ReaderTest" file="/home/zwer/dev/crontab-manager/tests/ReaderTest.php" line="92" assertions="2" time="0.000115"/>
      <testcase name="testReaderReturnsValidUsername" class="QAlliance\CrontabManager\Tests\ReaderTest" classname="QAlliance.CrontabManager.Tests.ReaderTest" file="/home/zwer/dev/crontab-manager/tests/ReaderTest.php" line="100" assertions="2" time="0.000147"/>
    </testsuite>
    <testsuite name="QAlliance\CrontabManager\Tests\WriterTest" file="/home/zwer/dev/crontab-manager/tests/WriterTest.php" tests="2" assertions="4" errors="0" failures="0" skipped="0" time="0.000940">
      <testcase name="testItProperlyUpdatesCrontab" class="QAlliance\CrontabManager\Tests\WriterTest" classname="QAlliance.CrontabManager.Tests.WriterTest" file="/home/zwer/dev/crontab-manager/tests/WriterTest.php" line="102" assertions="2" time="0.000635"/>
      <testcase name="testItProperlyUpdatesCrontabWhenIsNotEmpty" class="QAlliance\CrontabManager\Tests\WriterTest" classname="QAlliance.CrontabManager.Tests.WriterTest" file="/home/zwer/dev/crontab-manager/tests/WriterTest.php" line="118" assertions="2" time="0.000305"/>
    </testsuite>
  </testsuite>
</testsuites>
